# JRE version: OpenJDK Runtime Environment (11.0.8+10) (build 11.0.8+10-b944.6842174)
# Java VM: OpenJDK 64-Bit Server VM (11.0.8+10-b944.6842174, mixed mode, tiered, compressed oops, g1 gc, windows-amd64)
Heap:
 garbage-first heap   total 774144K, used 205191K [0x0000000080000000, 0x0000000100000000)
  region size 1024K, 6 young (6144K), 6 survivors (6144K)
 Metaspace       used 136636K, capacity 140322K, committed 140544K, reserved 1171456K
  class space    used 16427K, capacity 17677K, committed 17740K, reserved 1048576K
GC Heap History (20 events):
Event: 1248.015 GC heap after
{Heap after GC invocations=103 (full 0):
 garbage-first heap   total 276480K, used 118694K [0x0000000080000000, 0x0000000100000000)
  region size 1024K, 3 young (3072K), 3 survivors (3072K)
 Metaspace       used 127661K, capacity 130999K, committed 131072K, reserved 1163264K
  class space    used 15322K, capacity 16451K, committed 16460K, reserved 1048576K
}
Event: 1248.350 GC heap before
{Heap before GC invocations=104 (full 0):
 garbage-first heap   total 276480K, used 213926K [0x0000000080000000, 0x0000000100000000)
  region size 1024K, 95 young (97280K), 3 survivors (3072K)
 Metaspace       used 128660K, capacity 132114K, committed 132352K, reserved 1165312K
  class space    used 15463K, capacity 16610K, committed 16716K, reserved 1048576K
}
Event: 1248.360 GC heap after
{Heap after GC invocations=105 (full 0):
 garbage-first heap   total 276480K, used 127211K [0x0000000080000000, 0x0000000100000000)
  region size 1024K, 9 young (9216K), 9 survivors (9216K)
 Metaspace       used 128660K, capacity 132114K, committed 132352K, reserved 1165312K
  class space    used 15463K, capacity 16610K, committed 16716K, reserved 1048576K
}
Event: 1248.755 GC heap before
{Heap before GC invocations=105 (full 0):
 garbage-first heap   total 276480K, used 216299K [0x0000000080000000, 0x0000000100000000)
  region size 1024K, 97 young (99328K), 9 survivors (9216K)
 Metaspace       used 130070K, capacity 133563K, committed 133760K, reserved 1167360K
  class space    used 15636K, capacity 16793K, committed 16844K, reserved 1048576K
}
Event: 1248.794 GC heap after
{Heap after GC invocations=106 (full 0):
 garbage-first heap   total 276480K, used 151407K [0x0000000080000000, 0x0000000100000000)
  region size 1024K, 13 young (13312K), 13 survivors (13312K)
 Metaspace       used 130070K, capacity 133563K, committed 133760K, reserved 1167360K
  class space    used 15636K, capacity 16793K, committed 16844K, reserved 1048576K
}
Event: 1249.441 GC heap before
{Heap before GC invocations=107 (full 0):
 garbage-first heap   total 276480K, used 216943K [0x0000000080000000, 0x0000000100000000)
  region size 1024K, 78 young (79872K), 13 survivors (13312K)
 Metaspace       used 133487K, capacity 137135K, committed 137216K, reserved 1169408K
  class space    used 16193K, capacity 17406K, committed 17484K, reserved 1048576K
}
Event: 1249.475 GC heap after
{Heap after GC invocations=108 (full 0):
 garbage-first heap   total 276480K, used 159744K [0x0000000080000000, 0x0000000100000000)
  region size 1024K, 10 young (10240K), 10 survivors (10240K)
 Metaspace       used 133487K, capacity 137135K, committed 137216K, reserved 1169408K
  class space    used 16193K, capacity 17406K, committed 17484K, reserved 1048576K
}
Event: 1249.496 GC heap before
{Heap before GC invocations=108 (full 0):
 garbage-first heap   total 276480K, used 162816K [0x0000000080000000, 0x0000000100000000)
  region size 1024K, 13 young (13312K), 10 survivors (10240K)
 Metaspace       used 133528K, capacity 137138K, committed 137216K, reserved 1169408K
  class space    used 16205K, capacity 17407K, committed 17484K, reserved 1048576K
}
Event: 1249.517 GC heap after
{Heap after GC invocations=109 (full 0):
 garbage-first heap   total 276480K, used 161556K [0x0000000080000000, 0x0000000100000000)
  region size 1024K, 2 young (2048K), 2 survivors (2048K)
 Metaspace       used 133528K, capacity 137138K, committed 137216K, reserved 1169408K
  class space    used 16205K, capacity 17407K, committed 17484K, reserved 1048576K
}
Event: 1249.890 GC heap before
{Heap before GC invocations=109 (full 0):
 garbage-first heap   total 276480K, used 219924K [0x0000000080000000, 0x0000000100000000)
  region size 1024K, 60 young (61440K), 2 survivors (2048K)
 Metaspace       used 134838K, capacity 138567K, committed 138752K, reserved 1171456K
  class space    used 16376K, capacity 17647K, committed 17740K, reserved 1048576K
}
Event: 1249.924 GC heap after
{Heap after GC invocations=110 (full 0):
 garbage-first heap   total 389120K, used 168960K [0x0000000080000000, 0x0000000100000000)
  region size 1024K, 8 young (8192K), 8 survivors (8192K)
 Metaspace       used 134838K, capacity 138567K, committed 138752K, reserved 1171456K
  class space    used 16376K, capacity 17647K, committed 17740K, reserved 1048576K
}
Event: 1251.299 GC heap before
{Heap before GC invocations=111 (full 0):
 garbage-first heap   total 389120K, used 274432K [0x0000000080000000, 0x0000000100000000)
  region size 1024K, 112 young (114688K), 8 survivors (8192K)
 Metaspace       used 135681K, capacity 139344K, committed 139520K, reserved 1171456K
  class space    used 16399K, capacity 17638K, committed 17740K, reserved 1048576K
}
Event: 1251.486 GC heap after
{Heap after GC invocations=112 (full 0):
 garbage-first heap   total 389120K, used 184158K [0x0000000080000000, 0x0000000100000000)
  region size 1024K, 14 young (14336K), 14 survivors (14336K)
 Metaspace       used 135681K, capacity 139344K, committed 139520K, reserved 1171456K
  class space    used 16399K, capacity 17638K, committed 17740K, reserved 1048576K
}
Event: 1252.133 GC heap before
{Heap before GC invocations=112 (full 0):
 garbage-first heap   total 389120K, used 286558K [0x0000000080000000, 0x0000000100000000)
  region size 1024K, 115 young (117760K), 14 survivors (14336K)
 Metaspace       used 135889K, capacity 139583K, committed 139776K, reserved 1171456K
  class space    used 16423K, capacity 17675K, committed 17740K, reserved 1048576K
}
Event: 1252.205 GC heap after
{Heap after GC invocations=113 (full 0):
 garbage-first heap   total 389120K, used 190464K [0x0000000080000000, 0x0000000100000000)
  region size 1024K, 7 young (7168K), 7 survivors (7168K)
 Metaspace       used 135889K, capacity 139583K, committed 139776K, reserved 1171456K
  class space    used 16423K, capacity 17675K, committed 17740K, reserved 1048576K
}
Event: 1253.139 GC heap before
{Heap before GC invocations=113 (full 0):
 garbage-first heap   total 389120K, used 294912K [0x0000000080000000, 0x0000000100000000)
  region size 1024K, 110 young (112640K), 7 survivors (7168K)
 Metaspace       used 135912K, capacity 139600K, committed 139776K, reserved 1171456K
  class space    used 16427K, capacity 17680K, committed 17740K, reserved 1048576K
}
Event: 1253.154 GC heap after
{Heap after GC invocations=114 (full 0):
 garbage-first heap   total 389120K, used 193310K [0x0000000080000000, 0x0000000100000000)
  region size 1024K, 10 young (10240K), 10 survivors (10240K)
 Metaspace       used 135912K, capacity 139600K, committed 139776K, reserved 1171456K
  class space    used 16427K, capacity 17680K, committed 17740K, reserved 1048576K
}
Event: 1253.941 GC heap before
{Heap before GC invocations=114 (full 0):
 garbage-first heap   total 389120K, used 299806K [0x0000000080000000, 0x0000000100000000)
  region size 1024K, 115 young (117760K), 10 survivors (10240K)
 Metaspace       used 136401K, capacity 140054K, committed 140288K, reserved 1171456K
  class space    used 16426K, capacity 17677K, committed 17740K, reserved 1048576K
}
Event: 1253.973 GC heap after
{Heap after GC invocations=115 (full 0):
 garbage-first heap   total 389120K, used 201257K [0x0000000080000000, 0x0000000100000000)
  region size 1024K, 13 young (13312K), 13 survivors (13312K)
 Metaspace       used 136401K, capacity 140054K, committed 140288K, reserved 1171456K
  class space    used 16426K, capacity 17677K, committed 17740K, reserved 1048576K
}
Event: 1254.276 GC heap before
{Heap before GC invocations=116 (full 0):
 garbage-first heap   total 389120K, used 308777K [0x0000000080000000, 0x0000000100000000)
  region size 1024K, 118 young (120832K), 13 survivors (13312K)
 Metaspace       used 136636K, capacity 140322K, committed 140544K, reserved 1171456K
  class space    used 16427K, capacity 17677K, committed 17740K, reserved 1048576K
}

