# JRE version: OpenJDK Runtime Environment (11.0.8+10) (build 11.0.8+10-b944.6842174)
# Java VM: OpenJDK 64-Bit Server VM (11.0.8+10-b944.6842174, mixed mode, tiered, compressed oops, g1 gc, windows-amd64)
Heap:
 garbage-first heap   total 502784K, used 135754K [0x0000000080000000, 0x0000000100000000)
  region size 1024K, 5 young (5120K), 5 survivors (5120K)
 Metaspace       used 90486K, capacity 93091K, committed 93312K, reserved 1130496K
  class space    used 11972K, capacity 13068K, committed 13184K, reserved 1048576K
GC Heap History (20 events):
Event: 57.675 GC heap after
{Heap after GC invocations=39 (full 0):
 garbage-first heap   total 131072K, used 111908K [0x0000000080000000, 0x0000000100000000)
  region size 1024K, 1 young (1024K), 1 survivors (1024K)
 Metaspace       used 83917K, capacity 85886K, committed 86400K, reserved 1124352K
  class space    used 10906K, capacity 11653K, committed 11904K, reserved 1048576K
}
Event: 57.712 GC heap before
{Heap before GC invocations=39 (full 0):
 garbage-first heap   total 131072K, used 117028K [0x0000000080000000, 0x0000000100000000)
  region size 1024K, 6 young (6144K), 1 survivors (1024K)
 Metaspace       used 84005K, capacity 85950K, committed 86656K, reserved 1124352K
  class space    used 10914K, capacity 11653K, committed 11904K, reserved 1048576K
}
Event: 57.716 GC heap after
{Heap after GC invocations=40 (full 0):
 garbage-first heap   total 131072K, used 112733K [0x0000000080000000, 0x0000000100000000)
  region size 1024K, 1 young (1024K), 1 survivors (1024K)
 Metaspace       used 84005K, capacity 85950K, committed 86656K, reserved 1124352K
  class space    used 10914K, capacity 11653K, committed 11904K, reserved 1048576K
}
Event: 57.747 GC heap before
{Heap before GC invocations=40 (full 0):
 garbage-first heap   total 131072K, used 117853K [0x0000000080000000, 0x0000000100000000)
  region size 1024K, 6 young (6144K), 1 survivors (1024K)
 Metaspace       used 84033K, capacity 86046K, committed 86656K, reserved 1124352K
  class space    used 10921K, capacity 11685K, committed 11904K, reserved 1048576K
}
Event: 57.752 GC heap after
{Heap after GC invocations=41 (full 0):
 garbage-first heap   total 169984K, used 113892K [0x0000000080000000, 0x0000000100000000)
  region size 1024K, 1 young (1024K), 1 survivors (1024K)
 Metaspace       used 84033K, capacity 86046K, committed 86656K, reserved 1124352K
  class space    used 10921K, capacity 11685K, committed 11904K, reserved 1048576K
}
Event: 57.812 GC heap before
{Heap before GC invocations=41 (full 0):
 garbage-first heap   total 169984K, used 128228K [0x0000000080000000, 0x0000000100000000)
  region size 1024K, 15 young (15360K), 1 survivors (1024K)
 Metaspace       used 84075K, capacity 86050K, committed 86656K, reserved 1124352K
  class space    used 10921K, capacity 11685K, committed 11904K, reserved 1048576K
}
Event: 57.818 GC heap after
{Heap after GC invocations=42 (full 0):
 garbage-first heap   total 169984K, used 116488K [0x0000000080000000, 0x0000000100000000)
  region size 1024K, 2 young (2048K), 2 survivors (2048K)
 Metaspace       used 84075K, capacity 86050K, committed 86656K, reserved 1124352K
  class space    used 10921K, capacity 11685K, committed 11904K, reserved 1048576K
}
Event: 57.881 GC heap before
{Heap before GC invocations=42 (full 0):
 garbage-first heap   total 169984K, used 130824K [0x0000000080000000, 0x0000000100000000)
  region size 1024K, 16 young (16384K), 2 survivors (2048K)
 Metaspace       used 84087K, capacity 86114K, committed 86656K, reserved 1124352K
  class space    used 10922K, capacity 11685K, committed 11904K, reserved 1048576K
}
Event: 57.889 GC heap after
{Heap after GC invocations=43 (full 0):
 garbage-first heap   total 169984K, used 119346K [0x0000000080000000, 0x0000000100000000)
  region size 1024K, 2 young (2048K), 2 survivors (2048K)
 Metaspace       used 84087K, capacity 86114K, committed 86656K, reserved 1124352K
  class space    used 10922K, capacity 11685K, committed 11904K, reserved 1048576K
}
Event: 58.082 GC heap before
{Heap before GC invocations=44 (full 0):
 garbage-first heap   total 169984K, used 133682K [0x0000000080000000, 0x0000000100000000)
  region size 1024K, 16 young (16384K), 2 survivors (2048K)
 Metaspace       used 84110K, capacity 86075K, committed 86656K, reserved 1124352K
  class space    used 10921K, capacity 11672K, committed 11904K, reserved 1048576K
}
Event: 58.090 GC heap after
{Heap after GC invocations=45 (full 0):
 garbage-first heap   total 169984K, used 122030K [0x0000000080000000, 0x0000000100000000)
  region size 1024K, 2 young (2048K), 2 survivors (2048K)
 Metaspace       used 84110K, capacity 86075K, committed 86656K, reserved 1124352K
  class space    used 10921K, capacity 11672K, committed 11904K, reserved 1048576K
}
Event: 58.226 GC heap before
{Heap before GC invocations=45 (full 0):
 garbage-first heap   total 169984K, used 136366K [0x0000000080000000, 0x0000000100000000)
  region size 1024K, 16 young (16384K), 2 survivors (2048K)
 Metaspace       used 84138K, capacity 86139K, committed 86656K, reserved 1124352K
  class space    used 10924K, capacity 11672K, committed 11904K, reserved 1048576K
}
Event: 58.238 GC heap after
{Heap after GC invocations=46 (full 0):
 garbage-first heap   total 315392K, used 124696K [0x0000000080000000, 0x0000000100000000)
  region size 1024K, 2 young (2048K), 2 survivors (2048K)
 Metaspace       used 84138K, capacity 86139K, committed 86656K, reserved 1124352K
  class space    used 10924K, capacity 11672K, committed 11904K, reserved 1048576K
}
Event: 60.047 GC heap before
{Heap before GC invocations=47 (full 0):
 garbage-first heap   total 315392K, used 179992K [0x0000000080000000, 0x0000000100000000)
  region size 1024K, 56 young (57344K), 2 survivors (2048K)
 Metaspace       used 89473K, capacity 92050K, committed 92160K, reserved 1128448K
  class space    used 11920K, capacity 13024K, committed 13056K, reserved 1048576K
}
Event: 60.060 GC heap after
{Heap after GC invocations=48 (full 0):
 garbage-first heap   total 315392K, used 128959K [0x0000000080000000, 0x0000000100000000)
  region size 1024K, 7 young (7168K), 7 survivors (7168K)
 Metaspace       used 89473K, capacity 92050K, committed 92160K, reserved 1128448K
  class space    used 11920K, capacity 13024K, committed 13056K, reserved 1048576K
}
Event: 61.048 GC heap before
{Heap before GC invocations=48 (full 0):
 garbage-first heap   total 315392K, used 186303K [0x0000000080000000, 0x0000000100000000)
  region size 1024K, 64 young (65536K), 7 survivors (7168K)
 Metaspace       used 90357K, capacity 92936K, committed 93312K, reserved 1130496K
  class space    used 11958K, capacity 13059K, committed 13184K, reserved 1048576K
}
Event: 61.062 GC heap after
{Heap after GC invocations=49 (full 0):
 garbage-first heap   total 315392K, used 131987K [0x0000000080000000, 0x0000000100000000)
  region size 1024K, 4 young (4096K), 4 survivors (4096K)
 Metaspace       used 90357K, capacity 92936K, committed 93312K, reserved 1130496K
  class space    used 11958K, capacity 13059K, committed 13184K, reserved 1048576K
}
Event: 61.428 GC heap before
{Heap before GC invocations=49 (full 0):
 garbage-first heap   total 315392K, used 194451K [0x0000000080000000, 0x0000000100000000)
  region size 1024K, 66 young (67584K), 4 survivors (4096K)
 Metaspace       used 90416K, capacity 93017K, committed 93312K, reserved 1130496K
  class space    used 11970K, capacity 13065K, committed 13184K, reserved 1048576K
}
Event: 61.442 GC heap after
{Heap after GC invocations=50 (full 0):
 garbage-first heap   total 315392K, used 134089K [0x0000000080000000, 0x0000000100000000)
  region size 1024K, 6 young (6144K), 6 survivors (6144K)
 Metaspace       used 90416K, capacity 93017K, committed 93312K, reserved 1130496K
  class space    used 11970K, capacity 13065K, committed 13184K, reserved 1048576K
}
Event: 61.766 GC heap before
{Heap before GC invocations=50 (full 0):
 garbage-first heap   total 315392K, used 202697K [0x0000000080000000, 0x0000000100000000)
  region size 1024K, 74 young (75776K), 6 survivors (6144K)
 Metaspace       used 90486K, capacity 93091K, committed 93312K, reserved 1130496K
  class space    used 11972K, capacity 13068K, committed 13184K, reserved 1048576K
}

