# JRE version: OpenJDK Runtime Environment (11.0.8+10) (build 11.0.8+10-b944.6842174)
# Java VM: OpenJDK 64-Bit Server VM (11.0.8+10-b944.6842174, mixed mode, tiered, compressed oops, g1 gc, windows-amd64)
Heap:
 garbage-first heap   total 405504K, used 143681K [0x0000000080000000, 0x0000000100000000)
  region size 1024K, 4 young (4096K), 4 survivors (4096K)
 Metaspace       used 111790K, capacity 114688K, committed 114764K, reserved 1148928K
  class space    used 14092K, capacity 15145K, committed 15180K, reserved 1048576K
GC Heap History (20 events):
Event: 84.352 GC heap after
{Heap after GC invocations=60 (full 0):
 garbage-first heap   total 131072K, used 102347K [0x0000000080000000, 0x0000000100000000)
  region size 1024K, 2 young (2048K), 2 survivors (2048K)
 Metaspace       used 109093K, capacity 111768K, committed 112076K, reserved 1146880K
  class space    used 13759K, capacity 14729K, committed 14796K, reserved 1048576K
}
Event: 84.444 GC heap before
{Heap before GC invocations=60 (full 0):
 garbage-first heap   total 131072K, used 112587K [0x0000000080000000, 0x0000000100000000)
  region size 1024K, 13 young (13312K), 2 survivors (2048K)
 Metaspace       used 109470K, capacity 112276K, committed 112460K, reserved 1146880K
  class space    used 13809K, capacity 14807K, committed 14924K, reserved 1048576K
}
Event: 84.448 GC heap after
{Heap after GC invocations=61 (full 0):
 garbage-first heap   total 131072K, used 102994K [0x0000000080000000, 0x0000000100000000)
  region size 1024K, 2 young (2048K), 2 survivors (2048K)
 Metaspace       used 109470K, capacity 112276K, committed 112460K, reserved 1146880K
  class space    used 13809K, capacity 14807K, committed 14924K, reserved 1048576K
}
Event: 84.579 GC heap before
{Heap before GC invocations=62 (full 0):
 garbage-first heap   total 131072K, used 113234K [0x0000000080000000, 0x0000000100000000)
  region size 1024K, 12 young (12288K), 2 survivors (2048K)
 Metaspace       used 109977K, capacity 112764K, committed 112972K, reserved 1146880K
  class space    used 13879K, capacity 14856K, committed 14924K, reserved 1048576K
}
Event: 84.583 GC heap after
{Heap after GC invocations=63 (full 0):
 garbage-first heap   total 157696K, used 103508K [0x0000000080000000, 0x0000000100000000)
  region size 1024K, 2 young (2048K), 2 survivors (2048K)
 Metaspace       used 109977K, capacity 112764K, committed 112972K, reserved 1146880K
  class space    used 13879K, capacity 14856K, committed 14924K, reserved 1048576K
}
Event: 84.635 GC heap before
{Heap before GC invocations=63 (full 0):
 garbage-first heap   total 157696K, used 107604K [0x0000000080000000, 0x0000000100000000)
  region size 1024K, 7 young (7168K), 2 survivors (2048K)
 Metaspace       used 110105K, capacity 112928K, committed 113100K, reserved 1146880K
  class space    used 13897K, capacity 14930K, committed 15052K, reserved 1048576K
}
Event: 84.639 GC heap after
{Heap after GC invocations=64 (full 0):
 garbage-first heap   total 157696K, used 103615K [0x0000000080000000, 0x0000000100000000)
  region size 1024K, 2 young (2048K), 2 survivors (2048K)
 Metaspace       used 110105K, capacity 112928K, committed 113100K, reserved 1146880K
  class space    used 13897K, capacity 14930K, committed 15052K, reserved 1048576K
}
Event: 84.736 GC heap before
{Heap before GC invocations=64 (full 0):
 garbage-first heap   total 157696K, used 137407K [0x0000000080000000, 0x0000000100000000)
  region size 1024K, 24 young (24576K), 2 survivors (2048K)
 Metaspace       used 110172K, capacity 112995K, committed 113356K, reserved 1146880K
  class space    used 13901K, capacity 14931K, committed 15052K, reserved 1048576K
}
Event: 84.740 GC heap after
{Heap after GC invocations=65 (full 0):
 garbage-first heap   total 157696K, used 108489K [0x0000000080000000, 0x0000000100000000)
  region size 1024K, 3 young (3072K), 3 survivors (3072K)
 Metaspace       used 110172K, capacity 112995K, committed 113356K, reserved 1146880K
  class space    used 13901K, capacity 14931K, committed 15052K, reserved 1048576K
}
Event: 84.854 GC heap before
{Heap before GC invocations=65 (full 0):
 garbage-first heap   total 157696K, used 127945K [0x0000000080000000, 0x0000000100000000)
  region size 1024K, 23 young (23552K), 3 survivors (3072K)
 Metaspace       used 110490K, capacity 113308K, committed 113612K, reserved 1148928K
  class space    used 13944K, capacity 14971K, committed 15052K, reserved 1048576K
}
Event: 84.859 GC heap after
{Heap after GC invocations=66 (full 0):
 garbage-first heap   total 157696K, used 111246K [0x0000000080000000, 0x0000000100000000)
  region size 1024K, 3 young (3072K), 3 survivors (3072K)
 Metaspace       used 110490K, capacity 113308K, committed 113612K, reserved 1148928K
  class space    used 13944K, capacity 14971K, committed 15052K, reserved 1048576K
}
Event: 84.913 GC heap before
{Heap before GC invocations=67 (full 0):
 garbage-first heap   total 157696K, used 129678K [0x0000000080000000, 0x0000000100000000)
  region size 1024K, 23 young (23552K), 3 survivors (3072K)
 Metaspace       used 110640K, capacity 113515K, committed 113612K, reserved 1148928K
  class space    used 13961K, capacity 14975K, committed 15052K, reserved 1048576K
}
Event: 84.920 GC heap after
{Heap after GC invocations=68 (full 0):
 garbage-first heap   total 199680K, used 116839K [0x0000000080000000, 0x0000000100000000)
  region size 1024K, 3 young (3072K), 3 survivors (3072K)
 Metaspace       used 110640K, capacity 113515K, committed 113612K, reserved 1148928K
  class space    used 13961K, capacity 14975K, committed 15052K, reserved 1048576K
}
Event: 85.218 GC heap before
{Heap before GC invocations=68 (full 0):
 garbage-first heap   total 199680K, used 150631K [0x0000000080000000, 0x0000000100000000)
  region size 1024K, 38 young (38912K), 3 survivors (3072K)
 Metaspace       used 111435K, capacity 114293K, committed 114508K, reserved 1148928K
  class space    used 14073K, capacity 15109K, committed 15180K, reserved 1048576K
}
Event: 85.259 GC heap after
{Heap after GC invocations=69 (full 0):
 garbage-first heap   total 199680K, used 123651K [0x0000000080000000, 0x0000000100000000)
  region size 1024K, 5 young (5120K), 5 survivors (5120K)
 Metaspace       used 111435K, capacity 114293K, committed 114508K, reserved 1148928K
  class space    used 14073K, capacity 15109K, committed 15180K, reserved 1048576K
}
Event: 85.649 GC heap before
{Heap before GC invocations=70 (full 0):
 garbage-first heap   total 199680K, used 155395K [0x0000000080000000, 0x0000000100000000)
  region size 1024K, 37 young (37888K), 5 survivors (5120K)
 Metaspace       used 111616K, capacity 114486K, committed 114764K, reserved 1148928K
  class space    used 14073K, capacity 15104K, committed 15180K, reserved 1048576K
}
Event: 85.666 GC heap after
{Heap after GC invocations=71 (full 0):
 garbage-first heap   total 199680K, used 129024K [0x0000000080000000, 0x0000000100000000)
  region size 1024K, 5 young (5120K), 5 survivors (5120K)
 Metaspace       used 111616K, capacity 114486K, committed 114764K, reserved 1148928K
  class space    used 14073K, capacity 15104K, committed 15180K, reserved 1048576K
}
Event: 85.878 GC heap before
{Heap before GC invocations=71 (full 0):
 garbage-first heap   total 199680K, used 157696K [0x0000000080000000, 0x0000000100000000)
  region size 1024K, 34 young (34816K), 5 survivors (5120K)
 Metaspace       used 111678K, capacity 114568K, committed 114764K, reserved 1148928K
  class space    used 14079K, capacity 15108K, committed 15180K, reserved 1048576K
}
Event: 85.893 GC heap after
{Heap after GC invocations=72 (full 0):
 garbage-first heap   total 199680K, used 136975K [0x0000000080000000, 0x0000000100000000)
  region size 1024K, 5 young (5120K), 5 survivors (5120K)
 Metaspace       used 111678K, capacity 114568K, committed 114764K, reserved 1148928K
  class space    used 14079K, capacity 15108K, committed 15180K, reserved 1048576K
}
Event: 86.103 GC heap before
{Heap before GC invocations=72 (full 0):
 garbage-first heap   total 199680K, used 161551K [0x0000000080000000, 0x0000000100000000)
  region size 1024K, 29 young (29696K), 5 survivors (5120K)
 Metaspace       used 111790K, capacity 114688K, committed 114764K, reserved 1148928K
  class space    used 14092K, capacity 15145K, committed 15180K, reserved 1048576K
}

